INFO 2018-05-14 17:05:00,377 [main] - Loaded default TestExecutionListener class names from location [META-INF/spring.factories]: [org.springframework.test.context.web.ServletTestExecutionListener, org.springframework.test.context.support.DirtiesContextBeforeModesTestExecutionListener, org.springframework.test.context.support.DependencyInjectionTestExecutionListener, org.springframework.test.context.support.DirtiesContextTestExecutionListener, org.springframework.test.context.transaction.TransactionalTestExecutionListener, org.springframework.test.context.jdbc.SqlScriptsTestExecutionListener]
INFO 2018-05-14 17:05:00,414 [main] - Using TestExecutionListeners: [org.springframework.test.context.web.ServletTestExecutionListener@215be6bb, org.springframework.test.context.support.DirtiesContextBeforeModesTestExecutionListener@4439f31e, org.springframework.test.context.support.DependencyInjectionTestExecutionListener@5dfcfece, org.springframework.test.context.support.DirtiesContextTestExecutionListener@23ceabc1, org.springframework.test.context.transaction.TransactionalTestExecutionListener@5d5eef3d, org.springframework.test.context.jdbc.SqlScriptsTestExecutionListener@56f4468b]
INFO 2018-05-14 17:05:00,811 [main] - Loading XML bean definitions from class path resource [applicationContext.xml]
INFO 2018-05-14 17:05:01,500 [main] - Refreshing org.springframework.context.support.GenericApplicationContext@f6c48ac: startup date [Mon May 14 17:05:01 CST 2018]; root of context hierarchy
WARN 2018-05-14 17:05:02,355 [main] - Exception encountered during context initialization - cancelling refresh attempt: org.springframework.beans.factory.BeanCreationException: Error creating bean with name 'sqlSessionFactory' defined in class path resource [applicationContext.xml]: Invocation of init method failed; nested exception is org.springframework.core.NestedIOException: Failed to parse mapping resource: 'file [D:\eclipse\MyJeeProject\zcloud\target\classes\mapper\FileMapper.xml]'; nested exception is org.apache.ibatis.builder.BuilderException: Error parsing Mapper XML. Cause: java.lang.IllegalStateException: No typehandler found for property fileCreator
ERROR 2018-05-14 17:05:02,358 [main] - Caught exception while allowing TestExecutionListener [org.springframework.test.context.support.DependencyInjectionTestExecutionListener@5dfcfece] to prepare test instance [com.zxd.zcloud.test.UserMapperTest@231f98ef]
java.lang.IllegalStateException: Failed to load ApplicationContext
	at org.springframework.test.context.cache.DefaultCacheAwareContextLoaderDelegate.loadContext(DefaultCacheAwareContextLoaderDelegate.java:124)
	at org.springframework.test.context.support.DefaultTestContext.getApplicationContext(DefaultTestContext.java:83)
	at org.springframework.test.context.support.DependencyInjectionTestExecutionListener.injectDependencies(DependencyInjectionTestExecutionListener.java:117)
	at org.springframework.test.context.support.DependencyInjectionTestExecutionListener.prepareTestInstance(DependencyInjectionTestExecutionListener.java:83)
	at org.springframework.test.context.TestContextManager.prepareTestInstance(TestContextManager.java:230)
	at org.springframework.test.context.junit4.SpringJUnit4ClassRunner.createTest(SpringJUnit4ClassRunner.java:228)
	at org.springframework.test.context.junit4.SpringJUnit4ClassRunner$1.runReflectiveCall(SpringJUnit4ClassRunner.java:287)
	at org.junit.internal.runners.model.ReflectiveCallable.run(ReflectiveCallable.java:12)
	at org.springframework.test.context.junit4.SpringJUnit4ClassRunner.methodBlock(SpringJUnit4ClassRunner.java:289)
	at org.springframework.test.context.junit4.SpringJUnit4ClassRunner.runChild(SpringJUnit4ClassRunner.java:247)
	at org.springframework.test.context.junit4.SpringJUnit4ClassRunner.runChild(SpringJUnit4ClassRunner.java:94)
	at org.junit.runners.ParentRunner$3.run(ParentRunner.java:290)
	at org.junit.runners.ParentRunner$1.schedule(ParentRunner.java:71)
	at org.junit.runners.ParentRunner.runChildren(ParentRunner.java:288)
	at org.junit.runners.ParentRunner.access$000(ParentRunner.java:58)
	at org.junit.runners.ParentRunner$2.evaluate(ParentRunner.java:268)
	at org.springframework.test.context.junit4.statements.RunBeforeTestClassCallbacks.evaluate(RunBeforeTestClassCallbacks.java:61)
	at org.springframework.test.context.junit4.statements.RunAfterTestClassCallbacks.evaluate(RunAfterTestClassCallbacks.java:70)
	at org.junit.runners.ParentRunner.run(ParentRunner.java:363)
	at org.springframework.test.context.junit4.SpringJUnit4ClassRunner.run(SpringJUnit4ClassRunner.java:191)
	at org.eclipse.jdt.internal.junit4.runner.JUnit4TestReference.run(JUnit4TestReference.java:86)
	at org.eclipse.jdt.internal.junit.runner.TestExecution.run(TestExecution.java:38)
	at org.eclipse.jdt.internal.junit.runner.RemoteTestRunner.runTests(RemoteTestRunner.java:538)
	at org.eclipse.jdt.internal.junit.runner.RemoteTestRunner.runTests(RemoteTestRunner.java:760)
	at org.eclipse.jdt.internal.junit.runner.RemoteTestRunner.run(RemoteTestRunner.java:460)
	at org.eclipse.jdt.internal.junit.runner.RemoteTestRunner.main(RemoteTestRunner.java:206)
Caused by: org.springframework.beans.factory.BeanCreationException: Error creating bean with name 'sqlSessionFactory' defined in class path resource [applicationContext.xml]: Invocation of init method failed; nested exception is org.springframework.core.NestedIOException: Failed to parse mapping resource: 'file [D:\eclipse\MyJeeProject\zcloud\target\classes\mapper\FileMapper.xml]'; nested exception is org.apache.ibatis.builder.BuilderException: Error parsing Mapper XML. Cause: java.lang.IllegalStateException: No typehandler found for property fileCreator
	at org.springframework.beans.factory.support.AbstractAutowireCapableBeanFactory.initializeBean(AbstractAutowireCapableBeanFactory.java:1628)
	at org.springframework.beans.factory.support.AbstractAutowireCapableBeanFactory.doCreateBean(AbstractAutowireCapableBeanFactory.java:555)
	at org.springframework.beans.factory.support.AbstractAutowireCapableBeanFactory.createBean(AbstractAutowireCapableBeanFactory.java:483)
	at org.springframework.beans.factory.support.AbstractBeanFactory$1.getObject(AbstractBeanFactory.java:306)
	at org.springframework.beans.factory.support.DefaultSingletonBeanRegistry.getSingleton(DefaultSingletonBeanRegistry.java:230)
	at org.springframework.beans.factory.support.AbstractBeanFactory.doGetBean(AbstractBeanFactory.java:302)
	at org.springframework.beans.factory.support.AbstractBeanFactory.getBean(AbstractBeanFactory.java:197)
	at org.springframework.beans.factory.support.DefaultListableBeanFactory.preInstantiateSingletons(DefaultListableBeanFactory.java:742)
	at org.springframework.context.support.AbstractApplicationContext.finishBeanFactoryInitialization(AbstractApplicationContext.java:867)
	at org.springframework.context.support.AbstractApplicationContext.refresh(AbstractApplicationContext.java:543)
	at org.springframework.test.context.support.AbstractGenericContextLoader.loadContext(AbstractGenericContextLoader.java:128)
	at org.springframework.test.context.support.AbstractGenericContextLoader.loadContext(AbstractGenericContextLoader.java:60)
	at org.springframework.test.context.support.AbstractDelegatingSmartContextLoader.delegateLoading(AbstractDelegatingSmartContextLoader.java:108)
	at org.springframework.test.context.support.AbstractDelegatingSmartContextLoader.loadContext(AbstractDelegatingSmartContextLoader.java:251)
	at org.springframework.test.context.cache.DefaultCacheAwareContextLoaderDelegate.loadContextInternal(DefaultCacheAwareContextLoaderDelegate.java:98)
	at org.springframework.test.context.cache.DefaultCacheAwareContextLoaderDelegate.loadContext(DefaultCacheAwareContextLoaderDelegate.java:116)
	... 25 more
Caused by: org.springframework.core.NestedIOException: Failed to parse mapping resource: 'file [D:\eclipse\MyJeeProject\zcloud\target\classes\mapper\FileMapper.xml]'; nested exception is org.apache.ibatis.builder.BuilderException: Error parsing Mapper XML. Cause: java.lang.IllegalStateException: No typehandler found for property fileCreator
	at org.mybatis.spring.SqlSessionFactoryBean.buildSqlSessionFactory(SqlSessionFactoryBean.java:523)
	at org.mybatis.spring.SqlSessionFactoryBean.afterPropertiesSet(SqlSessionFactoryBean.java:380)
	at org.springframework.beans.factory.support.AbstractAutowireCapableBeanFactory.invokeInitMethods(AbstractAutowireCapableBeanFactory.java:1687)
	at org.springframework.beans.factory.support.AbstractAutowireCapableBeanFactory.initializeBean(AbstractAutowireCapableBeanFactory.java:1624)
	... 40 more
Caused by: org.apache.ibatis.builder.BuilderException: Error parsing Mapper XML. Cause: java.lang.IllegalStateException: No typehandler found for property fileCreator
	at org.apache.ibatis.builder.xml.XMLMapperBuilder.configurationElement(XMLMapperBuilder.java:120)
	at org.apache.ibatis.builder.xml.XMLMapperBuilder.parse(XMLMapperBuilder.java:92)
	at org.mybatis.spring.SqlSessionFactoryBean.buildSqlSessionFactory(SqlSessionFactoryBean.java:521)
	... 43 more
Caused by: java.lang.IllegalStateException: No typehandler found for property fileCreator
	at org.apache.ibatis.mapping.ResultMapping$Builder.validate(ResultMapping.java:151)
	at org.apache.ibatis.mapping.ResultMapping$Builder.build(ResultMapping.java:140)
	at org.apache.ibatis.builder.MapperBuilderAssistant.buildResultMapping(MapperBuilderAssistant.java:394)
	at org.apache.ibatis.builder.xml.XMLMapperBuilder.buildResultMappingFromContext(XMLMapperBuilder.java:378)
	at org.apache.ibatis.builder.xml.XMLMapperBuilder.resultMapElement(XMLMapperBuilder.java:280)
	at org.apache.ibatis.builder.xml.XMLMapperBuilder.resultMapElement(XMLMapperBuilder.java:252)
	at org.apache.ibatis.builder.xml.XMLMapperBuilder.resultMapElements(XMLMapperBuilder.java:244)
	at org.apache.ibatis.builder.xml.XMLMapperBuilder.configurationElement(XMLMapperBuilder.java:116)
	... 45 more
INFO 2018-05-14 17:09:21,738 [main] - Loaded default TestExecutionListener class names from location [META-INF/spring.factories]: [org.springframework.test.context.web.ServletTestExecutionListener, org.springframework.test.context.support.DirtiesContextBeforeModesTestExecutionListener, org.springframework.test.context.support.DependencyInjectionTestExecutionListener, org.springframework.test.context.support.DirtiesContextTestExecutionListener, org.springframework.test.context.transaction.TransactionalTestExecutionListener, org.springframework.test.context.jdbc.SqlScriptsTestExecutionListener]
INFO 2018-05-14 17:09:21,777 [main] - Using TestExecutionListeners: [org.springframework.test.context.web.ServletTestExecutionListener@215be6bb, org.springframework.test.context.support.DirtiesContextBeforeModesTestExecutionListener@4439f31e, org.springframework.test.context.support.DependencyInjectionTestExecutionListener@5dfcfece, org.springframework.test.context.support.DirtiesContextTestExecutionListener@23ceabc1, org.springframework.test.context.transaction.TransactionalTestExecutionListener@5d5eef3d, org.springframework.test.context.jdbc.SqlScriptsTestExecutionListener@56f4468b]
INFO 2018-05-14 17:09:21,871 [main] - Loading XML bean definitions from class path resource [applicationContext.xml]
INFO 2018-05-14 17:09:22,173 [main] - Refreshing org.springframework.context.support.GenericApplicationContext@f6c48ac: startup date [Mon May 14 17:09:22 CST 2018]; root of context hierarchy
WARN 2018-05-14 17:09:22,965 [main] - Exception encountered during context initialization - cancelling refresh attempt: org.springframework.beans.factory.BeanCreationException: Error creating bean with name 'sqlSessionFactory' defined in class path resource [applicationContext.xml]: Invocation of init method failed; nested exception is org.springframework.core.NestedIOException: Failed to parse mapping resource: 'file [D:\eclipse\MyJeeProject\zcloud\target\classes\mapper\FileMapper.xml]'; nested exception is org.apache.ibatis.builder.BuilderException: Error parsing Mapper XML. Cause: java.lang.IllegalStateException: No typehandler found for property fileParentFolder
ERROR 2018-05-14 17:09:22,967 [main] - Caught exception while allowing TestExecutionListener [org.springframework.test.context.support.DependencyInjectionTestExecutionListener@5dfcfece] to prepare test instance [com.zxd.zcloud.test.UserMapperTest@231f98ef]
java.lang.IllegalStateException: Failed to load ApplicationContext
	at org.springframework.test.context.cache.DefaultCacheAwareContextLoaderDelegate.loadContext(DefaultCacheAwareContextLoaderDelegate.java:124)
	at org.springframework.test.context.support.DefaultTestContext.getApplicationContext(DefaultTestContext.java:83)
	at org.springframework.test.context.support.DependencyInjectionTestExecutionListener.injectDependencies(DependencyInjectionTestExecutionListener.java:117)
	at org.springframework.test.context.support.DependencyInjectionTestExecutionListener.prepareTestInstance(DependencyInjectionTestExecutionListener.java:83)
	at org.springframework.test.context.TestContextManager.prepareTestInstance(TestContextManager.java:230)
	at org.springframework.test.context.junit4.SpringJUnit4ClassRunner.createTest(SpringJUnit4ClassRunner.java:228)
	at org.springframework.test.context.junit4.SpringJUnit4ClassRunner$1.runReflectiveCall(SpringJUnit4ClassRunner.java:287)
	at org.junit.internal.runners.model.ReflectiveCallable.run(ReflectiveCallable.java:12)
	at org.springframework.test.context.junit4.SpringJUnit4ClassRunner.methodBlock(SpringJUnit4ClassRunner.java:289)
	at org.springframework.test.context.junit4.SpringJUnit4ClassRunner.runChild(SpringJUnit4ClassRunner.java:247)
	at org.springframework.test.context.junit4.SpringJUnit4ClassRunner.runChild(SpringJUnit4ClassRunner.java:94)
	at org.junit.runners.ParentRunner$3.run(ParentRunner.java:290)
	at org.junit.runners.ParentRunner$1.schedule(ParentRunner.java:71)
	at org.junit.runners.ParentRunner.runChildren(ParentRunner.java:288)
	at org.junit.runners.ParentRunner.access$000(ParentRunner.java:58)
	at org.junit.runners.ParentRunner$2.evaluate(ParentRunner.java:268)
	at org.springframework.test.context.junit4.statements.RunBeforeTestClassCallbacks.evaluate(RunBeforeTestClassCallbacks.java:61)
	at org.springframework.test.context.junit4.statements.RunAfterTestClassCallbacks.evaluate(RunAfterTestClassCallbacks.java:70)
	at org.junit.runners.ParentRunner.run(ParentRunner.java:363)
	at org.springframework.test.context.junit4.SpringJUnit4ClassRunner.run(SpringJUnit4ClassRunner.java:191)
	at org.eclipse.jdt.internal.junit4.runner.JUnit4TestReference.run(JUnit4TestReference.java:86)
	at org.eclipse.jdt.internal.junit.runner.TestExecution.run(TestExecution.java:38)
	at org.eclipse.jdt.internal.junit.runner.RemoteTestRunner.runTests(RemoteTestRunner.java:538)
	at org.eclipse.jdt.internal.junit.runner.RemoteTestRunner.runTests(RemoteTestRunner.java:760)
	at org.eclipse.jdt.internal.junit.runner.RemoteTestRunner.run(RemoteTestRunner.java:460)
	at org.eclipse.jdt.internal.junit.runner.RemoteTestRunner.main(RemoteTestRunner.java:206)
Caused by: org.springframework.beans.factory.BeanCreationException: Error creating bean with name 'sqlSessionFactory' defined in class path resource [applicationContext.xml]: Invocation of init method failed; nested exception is org.springframework.core.NestedIOException: Failed to parse mapping resource: 'file [D:\eclipse\MyJeeProject\zcloud\target\classes\mapper\FileMapper.xml]'; nested exception is org.apache.ibatis.builder.BuilderException: Error parsing Mapper XML. Cause: java.lang.IllegalStateException: No typehandler found for property fileParentFolder
	at org.springframework.beans.factory.support.AbstractAutowireCapableBeanFactory.initializeBean(AbstractAutowireCapableBeanFactory.java:1628)
	at org.springframework.beans.factory.support.AbstractAutowireCapableBeanFactory.doCreateBean(AbstractAutowireCapableBeanFactory.java:555)
	at org.springframework.beans.factory.support.AbstractAutowireCapableBeanFactory.createBean(AbstractAutowireCapableBeanFactory.java:483)
	at org.springframework.beans.factory.support.AbstractBeanFactory$1.getObject(AbstractBeanFactory.java:306)
	at org.springframework.beans.factory.support.DefaultSingletonBeanRegistry.getSingleton(DefaultSingletonBeanRegistry.java:230)
	at org.springframework.beans.factory.support.AbstractBeanFactory.doGetBean(AbstractBeanFactory.java:302)
	at org.springframework.beans.factory.support.AbstractBeanFactory.getBean(AbstractBeanFactory.java:197)
	at org.springframework.beans.factory.support.DefaultListableBeanFactory.preInstantiateSingletons(DefaultListableBeanFactory.java:742)
	at org.springframework.context.support.AbstractApplicationContext.finishBeanFactoryInitialization(AbstractApplicationContext.java:867)
	at org.springframework.context.support.AbstractApplicationContext.refresh(AbstractApplicationContext.java:543)
	at org.springframework.test.context.support.AbstractGenericContextLoader.loadContext(AbstractGenericContextLoader.java:128)
	at org.springframework.test.context.support.AbstractGenericContextLoader.loadContext(AbstractGenericContextLoader.java:60)
	at org.springframework.test.context.support.AbstractDelegatingSmartContextLoader.delegateLoading(AbstractDelegatingSmartContextLoader.java:108)
	at org.springframework.test.context.support.AbstractDelegatingSmartContextLoader.loadContext(AbstractDelegatingSmartContextLoader.java:251)
	at org.springframework.test.context.cache.DefaultCacheAwareContextLoaderDelegate.loadContextInternal(DefaultCacheAwareContextLoaderDelegate.java:98)
	at org.springframework.test.context.cache.DefaultCacheAwareContextLoaderDelegate.loadContext(DefaultCacheAwareContextLoaderDelegate.java:116)
	... 25 more
Caused by: org.springframework.core.NestedIOException: Failed to parse mapping resource: 'file [D:\eclipse\MyJeeProject\zcloud\target\classes\mapper\FileMapper.xml]'; nested exception is org.apache.ibatis.builder.BuilderException: Error parsing Mapper XML. Cause: java.lang.IllegalStateException: No typehandler found for property fileParentFolder
	at org.mybatis.spring.SqlSessionFactoryBean.buildSqlSessionFactory(SqlSessionFactoryBean.java:523)
	at org.mybatis.spring.SqlSessionFactoryBean.afterPropertiesSet(SqlSessionFactoryBean.java:380)
	at org.springframework.beans.factory.support.AbstractAutowireCapableBeanFactory.invokeInitMethods(AbstractAutowireCapableBeanFactory.java:1687)
	at org.springframework.beans.factory.support.AbstractAutowireCapableBeanFactory.initializeBean(AbstractAutowireCapableBeanFactory.java:1624)
	... 40 more
Caused by: org.apache.ibatis.builder.BuilderException: Error parsing Mapper XML. Cause: java.lang.IllegalStateException: No typehandler found for property fileParentFolder
	at org.apache.ibatis.builder.xml.XMLMapperBuilder.configurationElement(XMLMapperBuilder.java:120)
	at org.apache.ibatis.builder.xml.XMLMapperBuilder.parse(XMLMapperBuilder.java:92)
	at org.mybatis.spring.SqlSessionFactoryBean.buildSqlSessionFactory(SqlSessionFactoryBean.java:521)
	... 43 more
Caused by: java.lang.IllegalStateException: No typehandler found for property fileParentFolder
	at org.apache.ibatis.mapping.ResultMapping$Builder.validate(ResultMapping.java:151)
	at org.apache.ibatis.mapping.ResultMapping$Builder.build(ResultMapping.java:140)
	at org.apache.ibatis.builder.MapperBuilderAssistant.buildResultMapping(MapperBuilderAssistant.java:394)
	at org.apache.ibatis.builder.xml.XMLMapperBuilder.buildResultMappingFromContext(XMLMapperBuilder.java:378)
	at org.apache.ibatis.builder.xml.XMLMapperBuilder.resultMapElement(XMLMapperBuilder.java:280)
	at org.apache.ibatis.builder.xml.XMLMapperBuilder.resultMapElement(XMLMapperBuilder.java:252)
	at org.apache.ibatis.builder.xml.XMLMapperBuilder.resultMapElements(XMLMapperBuilder.java:244)
	at org.apache.ibatis.builder.xml.XMLMapperBuilder.configurationElement(XMLMapperBuilder.java:116)
	... 45 more
INFO 2018-05-14 17:10:01,294 [main] - Loaded default TestExecutionListener class names from location [META-INF/spring.factories]: [org.springframework.test.context.web.ServletTestExecutionListener, org.springframework.test.context.support.DirtiesContextBeforeModesTestExecutionListener, org.springframework.test.context.support.DependencyInjectionTestExecutionListener, org.springframework.test.context.support.DirtiesContextTestExecutionListener, org.springframework.test.context.transaction.TransactionalTestExecutionListener, org.springframework.test.context.jdbc.SqlScriptsTestExecutionListener]
INFO 2018-05-14 17:10:01,319 [main] - Using TestExecutionListeners: [org.springframework.test.context.web.ServletTestExecutionListener@215be6bb, org.springframework.test.context.support.DirtiesContextBeforeModesTestExecutionListener@4439f31e, org.springframework.test.context.support.DependencyInjectionTestExecutionListener@5dfcfece, org.springframework.test.context.support.DirtiesContextTestExecutionListener@23ceabc1, org.springframework.test.context.transaction.TransactionalTestExecutionListener@5d5eef3d, org.springframework.test.context.jdbc.SqlScriptsTestExecutionListener@56f4468b]
INFO 2018-05-14 17:10:01,404 [main] - Loading XML bean definitions from class path resource [applicationContext.xml]
INFO 2018-05-14 17:10:01,717 [main] - Refreshing org.springframework.context.support.GenericApplicationContext@f6c48ac: startup date [Mon May 14 17:10:01 CST 2018]; root of context hierarchy
INFO 2018-05-14 17:10:03,711 [Thread-1] - Closing org.springframework.context.support.GenericApplicationContext@f6c48ac: startup date [Mon May 14 17:10:01 CST 2018]; root of context hierarchy
INFO 2018-05-14 17:12:24,854 [main] - Loaded default TestExecutionListener class names from location [META-INF/spring.factories]: [org.springframework.test.context.web.ServletTestExecutionListener, org.springframework.test.context.support.DirtiesContextBeforeModesTestExecutionListener, org.springframework.test.context.support.DependencyInjectionTestExecutionListener, org.springframework.test.context.support.DirtiesContextTestExecutionListener, org.springframework.test.context.transaction.TransactionalTestExecutionListener, org.springframework.test.context.jdbc.SqlScriptsTestExecutionListener]
INFO 2018-05-14 17:12:24,888 [main] - Using TestExecutionListeners: [org.springframework.test.context.web.ServletTestExecutionListener@215be6bb, org.springframework.test.context.support.DirtiesContextBeforeModesTestExecutionListener@4439f31e, org.springframework.test.context.support.DependencyInjectionTestExecutionListener@5dfcfece, org.springframework.test.context.support.DirtiesContextTestExecutionListener@23ceabc1, org.springframework.test.context.transaction.TransactionalTestExecutionListener@5d5eef3d, org.springframework.test.context.jdbc.SqlScriptsTestExecutionListener@56f4468b]
INFO 2018-05-14 17:12:25,002 [main] - Loading XML bean definitions from class path resource [applicationContext.xml]
INFO 2018-05-14 17:12:25,427 [main] - Refreshing org.springframework.context.support.GenericApplicationContext@f6c48ac: startup date [Mon May 14 17:12:25 CST 2018]; root of context hierarchy
INFO 2018-05-14 17:12:27,096 [Thread-1] - Closing org.springframework.context.support.GenericApplicationContext@f6c48ac: startup date [Mon May 14 17:12:25 CST 2018]; root of context hierarchy
INFO 2018-05-14 17:13:52,564 [main] - Loaded default TestExecutionListener class names from location [META-INF/spring.factories]: [org.springframework.test.context.web.ServletTestExecutionListener, org.springframework.test.context.support.DirtiesContextBeforeModesTestExecutionListener, org.springframework.test.context.support.DependencyInjectionTestExecutionListener, org.springframework.test.context.support.DirtiesContextTestExecutionListener, org.springframework.test.context.transaction.TransactionalTestExecutionListener, org.springframework.test.context.jdbc.SqlScriptsTestExecutionListener]
INFO 2018-05-14 17:13:52,598 [main] - Using TestExecutionListeners: [org.springframework.test.context.web.ServletTestExecutionListener@215be6bb, org.springframework.test.context.support.DirtiesContextBeforeModesTestExecutionListener@4439f31e, org.springframework.test.context.support.DependencyInjectionTestExecutionListener@5dfcfece, org.springframework.test.context.support.DirtiesContextTestExecutionListener@23ceabc1, org.springframework.test.context.transaction.TransactionalTestExecutionListener@5d5eef3d, org.springframework.test.context.jdbc.SqlScriptsTestExecutionListener@56f4468b]
INFO 2018-05-14 17:13:52,710 [main] - Loading XML bean definitions from class path resource [applicationContext.xml]
INFO 2018-05-14 17:13:53,036 [main] - Refreshing org.springframework.context.support.GenericApplicationContext@f6c48ac: startup date [Mon May 14 17:13:53 CST 2018]; root of context hierarchy
INFO 2018-05-14 17:13:55,026 [Thread-1] - Closing org.springframework.context.support.GenericApplicationContext@f6c48ac: startup date [Mon May 14 17:13:53 CST 2018]; root of context hierarchy
INFO 2018-05-14 19:38:20,207 [main] - Loaded default TestExecutionListener class names from location [META-INF/spring.factories]: [org.springframework.test.context.web.ServletTestExecutionListener, org.springframework.test.context.support.DirtiesContextBeforeModesTestExecutionListener, org.springframework.test.context.support.DependencyInjectionTestExecutionListener, org.springframework.test.context.support.DirtiesContextTestExecutionListener, org.springframework.test.context.transaction.TransactionalTestExecutionListener, org.springframework.test.context.jdbc.SqlScriptsTestExecutionListener]
INFO 2018-05-14 19:38:20,239 [main] - Using TestExecutionListeners: [org.springframework.test.context.web.ServletTestExecutionListener@215be6bb, org.springframework.test.context.support.DirtiesContextBeforeModesTestExecutionListener@4439f31e, org.springframework.test.context.support.DependencyInjectionTestExecutionListener@5dfcfece, org.springframework.test.context.support.DirtiesContextTestExecutionListener@23ceabc1, org.springframework.test.context.transaction.TransactionalTestExecutionListener@5d5eef3d, org.springframework.test.context.jdbc.SqlScriptsTestExecutionListener@56f4468b]
INFO 2018-05-14 19:38:20,346 [main] - Loading XML bean definitions from class path resource [applicationContext]
ERROR 2018-05-14 19:38:20,351 [main] - Caught exception while allowing TestExecutionListener [org.springframework.test.context.support.DependencyInjectionTestExecutionListener@5dfcfece] to prepare test instance [com.zxd.zcloud.test.FolderMapperTest@d44fc21]
java.lang.IllegalStateException: Failed to load ApplicationContext
	at org.springframework.test.context.cache.DefaultCacheAwareContextLoaderDelegate.loadContext(DefaultCacheAwareContextLoaderDelegate.java:124)
	at org.springframework.test.context.support.DefaultTestContext.getApplicationContext(DefaultTestContext.java:83)
	at org.springframework.test.context.support.DependencyInjectionTestExecutionListener.injectDependencies(DependencyInjectionTestExecutionListener.java:117)
	at org.springframework.test.context.support.DependencyInjectionTestExecutionListener.prepareTestInstance(DependencyInjectionTestExecutionListener.java:83)
	at org.springframework.test.context.TestContextManager.prepareTestInstance(TestContextManager.java:230)
	at org.springframework.test.context.junit4.SpringJUnit4ClassRunner.createTest(SpringJUnit4ClassRunner.java:228)
	at org.springframework.test.context.junit4.SpringJUnit4ClassRunner$1.runReflectiveCall(SpringJUnit4ClassRunner.java:287)
	at org.junit.internal.runners.model.ReflectiveCallable.run(ReflectiveCallable.java:12)
	at org.springframework.test.context.junit4.SpringJUnit4ClassRunner.methodBlock(SpringJUnit4ClassRunner.java:289)
	at org.springframework.test.context.junit4.SpringJUnit4ClassRunner.runChild(SpringJUnit4ClassRunner.java:247)
	at org.springframework.test.context.junit4.SpringJUnit4ClassRunner.runChild(SpringJUnit4ClassRunner.java:94)
	at org.junit.runners.ParentRunner$3.run(ParentRunner.java:290)
	at org.junit.runners.ParentRunner$1.schedule(ParentRunner.java:71)
	at org.junit.runners.ParentRunner.runChildren(ParentRunner.java:288)
	at org.junit.runners.ParentRunner.access$000(ParentRunner.java:58)
	at org.junit.runners.ParentRunner$2.evaluate(ParentRunner.java:268)
	at org.springframework.test.context.junit4.statements.RunBeforeTestClassCallbacks.evaluate(RunBeforeTestClassCallbacks.java:61)
	at org.springframework.test.context.junit4.statements.RunAfterTestClassCallbacks.evaluate(RunAfterTestClassCallbacks.java:70)
	at org.junit.runners.ParentRunner.run(ParentRunner.java:363)
	at org.springframework.test.context.junit4.SpringJUnit4ClassRunner.run(SpringJUnit4ClassRunner.java:191)
	at org.eclipse.jdt.internal.junit4.runner.JUnit4TestReference.run(JUnit4TestReference.java:86)
	at org.eclipse.jdt.internal.junit.runner.TestExecution.run(TestExecution.java:38)
	at org.eclipse.jdt.internal.junit.runner.RemoteTestRunner.runTests(RemoteTestRunner.java:538)
	at org.eclipse.jdt.internal.junit.runner.RemoteTestRunner.runTests(RemoteTestRunner.java:760)
	at org.eclipse.jdt.internal.junit.runner.RemoteTestRunner.run(RemoteTestRunner.java:460)
	at org.eclipse.jdt.internal.junit.runner.RemoteTestRunner.main(RemoteTestRunner.java:206)
Caused by: org.springframework.beans.factory.BeanDefinitionStoreException: IOException parsing XML document from class path resource [applicationContext]; nested exception is java.io.FileNotFoundException: class path resource [applicationContext] cannot be opened because it does not exist
	at org.springframework.beans.factory.xml.XmlBeanDefinitionReader.loadBeanDefinitions(XmlBeanDefinitionReader.java:344)
	at org.springframework.beans.factory.xml.XmlBeanDefinitionReader.loadBeanDefinitions(XmlBeanDefinitionReader.java:304)
	at org.springframework.beans.factory.support.AbstractBeanDefinitionReader.loadBeanDefinitions(AbstractBeanDefinitionReader.java:181)
	at org.springframework.beans.factory.support.AbstractBeanDefinitionReader.loadBeanDefinitions(AbstractBeanDefinitionReader.java:217)
	at org.springframework.beans.factory.support.AbstractBeanDefinitionReader.loadBeanDefinitions(AbstractBeanDefinitionReader.java:188)
	at org.springframework.beans.factory.support.AbstractBeanDefinitionReader.loadBeanDefinitions(AbstractBeanDefinitionReader.java:252)
	at org.springframework.test.context.support.AbstractGenericContextLoader.loadBeanDefinitions(AbstractGenericContextLoader.java:257)
	at org.springframework.test.context.support.AbstractGenericContextLoader.loadContext(AbstractGenericContextLoader.java:124)
	at org.springframework.test.context.support.AbstractGenericContextLoader.loadContext(AbstractGenericContextLoader.java:60)
	at org.springframework.test.context.support.AbstractDelegatingSmartContextLoader.delegateLoading(AbstractDelegatingSmartContextLoader.java:108)
	at org.springframework.test.context.support.AbstractDelegatingSmartContextLoader.loadContext(AbstractDelegatingSmartContextLoader.java:251)
	at org.springframework.test.context.cache.DefaultCacheAwareContextLoaderDelegate.loadContextInternal(DefaultCacheAwareContextLoaderDelegate.java:98)
	at org.springframework.test.context.cache.DefaultCacheAwareContextLoaderDelegate.loadContext(DefaultCacheAwareContextLoaderDelegate.java:116)
	... 25 more
Caused by: java.io.FileNotFoundException: class path resource [applicationContext] cannot be opened because it does not exist
	at org.springframework.core.io.ClassPathResource.getInputStream(ClassPathResource.java:172)
	at org.springframework.beans.factory.xml.XmlBeanDefinitionReader.loadBeanDefinitions(XmlBeanDefinitionReader.java:330)
	... 37 more
INFO 2018-05-14 19:38:44,507 [main] - Loaded default TestExecutionListener class names from location [META-INF/spring.factories]: [org.springframework.test.context.web.ServletTestExecutionListener, org.springframework.test.context.support.DirtiesContextBeforeModesTestExecutionListener, org.springframework.test.context.support.DependencyInjectionTestExecutionListener, org.springframework.test.context.support.DirtiesContextTestExecutionListener, org.springframework.test.context.transaction.TransactionalTestExecutionListener, org.springframework.test.context.jdbc.SqlScriptsTestExecutionListener]
INFO 2018-05-14 19:38:44,585 [main] - Using TestExecutionListeners: [org.springframework.test.context.web.ServletTestExecutionListener@215be6bb, org.springframework.test.context.support.DirtiesContextBeforeModesTestExecutionListener@4439f31e, org.springframework.test.context.support.DependencyInjectionTestExecutionListener@5dfcfece, org.springframework.test.context.support.DirtiesContextTestExecutionListener@23ceabc1, org.springframework.test.context.transaction.TransactionalTestExecutionListener@5d5eef3d, org.springframework.test.context.jdbc.SqlScriptsTestExecutionListener@56f4468b]
INFO 2018-05-14 19:38:44,730 [main] - Loading XML bean definitions from class path resource [applicationContext.xml]
INFO 2018-05-14 19:38:45,062 [main] - Refreshing org.springframework.context.support.GenericApplicationContext@f6c48ac: startup date [Mon May 14 19:38:45 CST 2018]; root of context hierarchy
INFO 2018-05-14 19:38:46,922 [main] - Loading XML bean definitions from class path resource [org/springframework/jdbc/support/sql-error-codes.xml]
INFO 2018-05-14 19:38:46,958 [main] - SQLErrorCodes loaded: [DB2, Derby, H2, HSQL, Informix, MS-SQL, MySQL, Oracle, PostgreSQL, Sybase, Hana]
INFO 2018-05-14 19:38:46,979 [Thread-1] - Closing org.springframework.context.support.GenericApplicationContext@f6c48ac: startup date [Mon May 14 19:38:45 CST 2018]; root of context hierarchy
INFO 2018-05-14 19:40:03,019 [main] - Loaded default TestExecutionListener class names from location [META-INF/spring.factories]: [org.springframework.test.context.web.ServletTestExecutionListener, org.springframework.test.context.support.DirtiesContextBeforeModesTestExecutionListener, org.springframework.test.context.support.DependencyInjectionTestExecutionListener, org.springframework.test.context.support.DirtiesContextTestExecutionListener, org.springframework.test.context.transaction.TransactionalTestExecutionListener, org.springframework.test.context.jdbc.SqlScriptsTestExecutionListener]
INFO 2018-05-14 19:40:03,051 [main] - Using TestExecutionListeners: [org.springframework.test.context.web.ServletTestExecutionListener@215be6bb, org.springframework.test.context.support.DirtiesContextBeforeModesTestExecutionListener@4439f31e, org.springframework.test.context.support.DependencyInjectionTestExecutionListener@5dfcfece, org.springframework.test.context.support.DirtiesContextTestExecutionListener@23ceabc1, org.springframework.test.context.transaction.TransactionalTestExecutionListener@5d5eef3d, org.springframework.test.context.jdbc.SqlScriptsTestExecutionListener@56f4468b]
INFO 2018-05-14 19:40:03,214 [main] - Loading XML bean definitions from class path resource [applicationContext.xml]
INFO 2018-05-14 19:40:03,513 [main] - Refreshing org.springframework.context.support.GenericApplicationContext@f6c48ac: startup date [Mon May 14 19:40:03 CST 2018]; root of context hierarchy
INFO 2018-05-14 19:40:04,809 [Thread-1] - Closing org.springframework.context.support.GenericApplicationContext@f6c48ac: startup date [Mon May 14 19:40:03 CST 2018]; root of context hierarchy
INFO 2018-05-14 19:44:15,987 [main] - Loaded default TestExecutionListener class names from location [META-INF/spring.factories]: [org.springframework.test.context.web.ServletTestExecutionListener, org.springframework.test.context.support.DirtiesContextBeforeModesTestExecutionListener, org.springframework.test.context.support.DependencyInjectionTestExecutionListener, org.springframework.test.context.support.DirtiesContextTestExecutionListener, org.springframework.test.context.transaction.TransactionalTestExecutionListener, org.springframework.test.context.jdbc.SqlScriptsTestExecutionListener]
INFO 2018-05-14 19:44:16,013 [main] - Using TestExecutionListeners: [org.springframework.test.context.web.ServletTestExecutionListener@215be6bb, org.springframework.test.context.support.DirtiesContextBeforeModesTestExecutionListener@4439f31e, org.springframework.test.context.support.DependencyInjectionTestExecutionListener@5dfcfece, org.springframework.test.context.support.DirtiesContextTestExecutionListener@23ceabc1, org.springframework.test.context.transaction.TransactionalTestExecutionListener@5d5eef3d, org.springframework.test.context.jdbc.SqlScriptsTestExecutionListener@56f4468b]
INFO 2018-05-14 19:44:16,137 [main] - Loading XML bean definitions from class path resource [applicationContext.xml]
INFO 2018-05-14 19:44:16,480 [main] - Refreshing org.springframework.context.support.GenericApplicationContext@f6c48ac: startup date [Mon May 14 19:44:16 CST 2018]; root of context hierarchy
INFO 2018-05-14 19:44:18,134 [Thread-1] - Closing org.springframework.context.support.GenericApplicationContext@f6c48ac: startup date [Mon May 14 19:44:16 CST 2018]; root of context hierarchy
INFO 2018-05-14 20:20:04,511 [main] - Loaded default TestExecutionListener class names from location [META-INF/spring.factories]: [org.springframework.test.context.web.ServletTestExecutionListener, org.springframework.test.context.support.DirtiesContextBeforeModesTestExecutionListener, org.springframework.test.context.support.DependencyInjectionTestExecutionListener, org.springframework.test.context.support.DirtiesContextTestExecutionListener, org.springframework.test.context.transaction.TransactionalTestExecutionListener, org.springframework.test.context.jdbc.SqlScriptsTestExecutionListener]
INFO 2018-05-14 20:20:04,544 [main] - Using TestExecutionListeners: [org.springframework.test.context.web.ServletTestExecutionListener@215be6bb, org.springframework.test.context.support.DirtiesContextBeforeModesTestExecutionListener@4439f31e, org.springframework.test.context.support.DependencyInjectionTestExecutionListener@5dfcfece, org.springframework.test.context.support.DirtiesContextTestExecutionListener@23ceabc1, org.springframework.test.context.transaction.TransactionalTestExecutionListener@5d5eef3d, org.springframework.test.context.jdbc.SqlScriptsTestExecutionListener@56f4468b]
INFO 2018-05-14 20:20:04,670 [main] - Loading XML bean definitions from class path resource [applicationContext.xml]
INFO 2018-05-14 20:20:05,104 [main] - Refreshing org.springframework.context.support.GenericApplicationContext@f6c48ac: startup date [Mon May 14 20:20:05 CST 2018]; root of context hierarchy
INFO 2018-05-14 20:20:06,378 [Thread-1] - Closing org.springframework.context.support.GenericApplicationContext@f6c48ac: startup date [Mon May 14 20:20:05 CST 2018]; root of context hierarchy
INFO 2018-05-14 20:22:08,031 [main] - Loaded default TestExecutionListener class names from location [META-INF/spring.factories]: [org.springframework.test.context.web.ServletTestExecutionListener, org.springframework.test.context.support.DirtiesContextBeforeModesTestExecutionListener, org.springframework.test.context.support.DependencyInjectionTestExecutionListener, org.springframework.test.context.support.DirtiesContextTestExecutionListener, org.springframework.test.context.transaction.TransactionalTestExecutionListener, org.springframework.test.context.jdbc.SqlScriptsTestExecutionListener]
INFO 2018-05-14 20:22:08,057 [main] - Using TestExecutionListeners: [org.springframework.test.context.web.ServletTestExecutionListener@215be6bb, org.springframework.test.context.support.DirtiesContextBeforeModesTestExecutionListener@4439f31e, org.springframework.test.context.support.DependencyInjectionTestExecutionListener@5dfcfece, org.springframework.test.context.support.DirtiesContextTestExecutionListener@23ceabc1, org.springframework.test.context.transaction.TransactionalTestExecutionListener@5d5eef3d, org.springframework.test.context.jdbc.SqlScriptsTestExecutionListener@56f4468b]
INFO 2018-05-14 20:22:08,147 [main] - Loading XML bean definitions from class path resource [applicationContext.xml]
INFO 2018-05-14 20:22:08,592 [main] - Refreshing org.springframework.context.support.GenericApplicationContext@f6c48ac: startup date [Mon May 14 20:22:08 CST 2018]; root of context hierarchy
INFO 2018-05-14 20:22:09,839 [Thread-1] - Closing org.springframework.context.support.GenericApplicationContext@f6c48ac: startup date [Mon May 14 20:22:08 CST 2018]; root of context hierarchy
INFO 2018-05-14 20:23:24,451 [main] - Loaded default TestExecutionListener class names from location [META-INF/spring.factories]: [org.springframework.test.context.web.ServletTestExecutionListener, org.springframework.test.context.support.DirtiesContextBeforeModesTestExecutionListener, org.springframework.test.context.support.DependencyInjectionTestExecutionListener, org.springframework.test.context.support.DirtiesContextTestExecutionListener, org.springframework.test.context.transaction.TransactionalTestExecutionListener, org.springframework.test.context.jdbc.SqlScriptsTestExecutionListener]
INFO 2018-05-14 20:23:24,478 [main] - Using TestExecutionListeners: [org.springframework.test.context.web.ServletTestExecutionListener@215be6bb, org.springframework.test.context.support.DirtiesContextBeforeModesTestExecutionListener@4439f31e, org.springframework.test.context.support.DependencyInjectionTestExecutionListener@5dfcfece, org.springframework.test.context.support.DirtiesContextTestExecutionListener@23ceabc1, org.springframework.test.context.transaction.TransactionalTestExecutionListener@5d5eef3d, org.springframework.test.context.jdbc.SqlScriptsTestExecutionListener@56f4468b]
INFO 2018-05-14 20:23:24,651 [main] - Loading XML bean definitions from class path resource [applicationContext.xml]
INFO 2018-05-14 20:23:25,109 [main] - Refreshing org.springframework.context.support.GenericApplicationContext@f6c48ac: startup date [Mon May 14 20:23:25 CST 2018]; root of context hierarchy
INFO 2018-05-14 20:23:26,298 [Thread-1] - Closing org.springframework.context.support.GenericApplicationContext@f6c48ac: startup date [Mon May 14 20:23:25 CST 2018]; root of context hierarchy
INFO 2018-05-14 20:24:11,341 [main] - Loaded default TestExecutionListener class names from location [META-INF/spring.factories]: [org.springframework.test.context.web.ServletTestExecutionListener, org.springframework.test.context.support.DirtiesContextBeforeModesTestExecutionListener, org.springframework.test.context.support.DependencyInjectionTestExecutionListener, org.springframework.test.context.support.DirtiesContextTestExecutionListener, org.springframework.test.context.transaction.TransactionalTestExecutionListener, org.springframework.test.context.jdbc.SqlScriptsTestExecutionListener]
INFO 2018-05-14 20:24:11,372 [main] - Using TestExecutionListeners: [org.springframework.test.context.web.ServletTestExecutionListener@215be6bb, org.springframework.test.context.support.DirtiesContextBeforeModesTestExecutionListener@4439f31e, org.springframework.test.context.support.DependencyInjectionTestExecutionListener@5dfcfece, org.springframework.test.context.support.DirtiesContextTestExecutionListener@23ceabc1, org.springframework.test.context.transaction.TransactionalTestExecutionListener@5d5eef3d, org.springframework.test.context.jdbc.SqlScriptsTestExecutionListener@56f4468b]
INFO 2018-05-14 20:24:11,491 [main] - Loading XML bean definitions from class path resource [applicationContext.xml]
INFO 2018-05-14 20:24:11,807 [main] - Refreshing org.springframework.context.support.GenericApplicationContext@f6c48ac: startup date [Mon May 14 20:24:11 CST 2018]; root of context hierarchy
INFO 2018-05-14 20:24:13,646 [Thread-1] - Closing org.springframework.context.support.GenericApplicationContext@f6c48ac: startup date [Mon May 14 20:24:11 CST 2018]; root of context hierarchy
INFO 2018-05-14 20:25:10,274 [main] - Loaded default TestExecutionListener class names from location [META-INF/spring.factories]: [org.springframework.test.context.web.ServletTestExecutionListener, org.springframework.test.context.support.DirtiesContextBeforeModesTestExecutionListener, org.springframework.test.context.support.DependencyInjectionTestExecutionListener, org.springframework.test.context.support.DirtiesContextTestExecutionListener, org.springframework.test.context.transaction.TransactionalTestExecutionListener, org.springframework.test.context.jdbc.SqlScriptsTestExecutionListener]
INFO 2018-05-14 20:25:10,299 [main] - Using TestExecutionListeners: [org.springframework.test.context.web.ServletTestExecutionListener@215be6bb, org.springframework.test.context.support.DirtiesContextBeforeModesTestExecutionListener@4439f31e, org.springframework.test.context.support.DependencyInjectionTestExecutionListener@5dfcfece, org.springframework.test.context.support.DirtiesContextTestExecutionListener@23ceabc1, org.springframework.test.context.transaction.TransactionalTestExecutionListener@5d5eef3d, org.springframework.test.context.jdbc.SqlScriptsTestExecutionListener@56f4468b]
INFO 2018-05-14 20:25:10,376 [main] - Loading XML bean definitions from class path resource [applicationContext.xml]
INFO 2018-05-14 20:25:10,668 [main] - Refreshing org.springframework.context.support.GenericApplicationContext@f6c48ac: startup date [Mon May 14 20:25:10 CST 2018]; root of context hierarchy
INFO 2018-05-14 20:25:12,136 [Thread-1] - Closing org.springframework.context.support.GenericApplicationContext@f6c48ac: startup date [Mon May 14 20:25:10 CST 2018]; root of context hierarchy
INFO 2018-05-14 21:00:55,828 [main] - Loaded default TestExecutionListener class names from location [META-INF/spring.factories]: [org.springframework.test.context.web.ServletTestExecutionListener, org.springframework.test.context.support.DirtiesContextBeforeModesTestExecutionListener, org.springframework.test.context.support.DependencyInjectionTestExecutionListener, org.springframework.test.context.support.DirtiesContextTestExecutionListener, org.springframework.test.context.transaction.TransactionalTestExecutionListener, org.springframework.test.context.jdbc.SqlScriptsTestExecutionListener]
INFO 2018-05-14 21:00:55,859 [main] - Using TestExecutionListeners: [org.springframework.test.context.web.ServletTestExecutionListener@215be6bb, org.springframework.test.context.support.DirtiesContextBeforeModesTestExecutionListener@4439f31e, org.springframework.test.context.support.DependencyInjectionTestExecutionListener@5dfcfece, org.springframework.test.context.support.DirtiesContextTestExecutionListener@23ceabc1, org.springframework.test.context.transaction.TransactionalTestExecutionListener@5d5eef3d, org.springframework.test.context.jdbc.SqlScriptsTestExecutionListener@56f4468b]
INFO 2018-05-14 21:00:55,957 [main] - Loading XML bean definitions from class path resource [applicationContext.xml]
INFO 2018-05-14 21:00:56,391 [main] - Refreshing org.springframework.context.support.GenericApplicationContext@f6c48ac: startup date [Mon May 14 21:00:56 CST 2018]; root of context hierarchy
INFO 2018-05-14 21:00:58,162 [main] - Loading XML bean definitions from class path resource [org/springframework/jdbc/support/sql-error-codes.xml]
INFO 2018-05-14 21:00:58,207 [main] - SQLErrorCodes loaded: [DB2, Derby, H2, HSQL, Informix, MS-SQL, MySQL, Oracle, PostgreSQL, Sybase, Hana]
INFO 2018-05-14 21:00:58,222 [Thread-1] - Closing org.springframework.context.support.GenericApplicationContext@f6c48ac: startup date [Mon May 14 21:00:56 CST 2018]; root of context hierarchy
INFO 2018-05-14 21:02:03,247 [main] - Loaded default TestExecutionListener class names from location [META-INF/spring.factories]: [org.springframework.test.context.web.ServletTestExecutionListener, org.springframework.test.context.support.DirtiesContextBeforeModesTestExecutionListener, org.springframework.test.context.support.DependencyInjectionTestExecutionListener, org.springframework.test.context.support.DirtiesContextTestExecutionListener, org.springframework.test.context.transaction.TransactionalTestExecutionListener, org.springframework.test.context.jdbc.SqlScriptsTestExecutionListener]
INFO 2018-05-14 21:02:03,284 [main] - Using TestExecutionListeners: [org.springframework.test.context.web.ServletTestExecutionListener@215be6bb, org.springframework.test.context.support.DirtiesContextBeforeModesTestExecutionListener@4439f31e, org.springframework.test.context.support.DependencyInjectionTestExecutionListener@5dfcfece, org.springframework.test.context.support.DirtiesContextTestExecutionListener@23ceabc1, org.springframework.test.context.transaction.TransactionalTestExecutionListener@5d5eef3d, org.springframework.test.context.jdbc.SqlScriptsTestExecutionListener@56f4468b]
INFO 2018-05-14 21:02:03,413 [main] - Loading XML bean definitions from class path resource [applicationContext.xml]
INFO 2018-05-14 21:02:03,720 [main] - Refreshing org.springframework.context.support.GenericApplicationContext@f6c48ac: startup date [Mon May 14 21:02:03 CST 2018]; root of context hierarchy
INFO 2018-05-14 21:02:05,333 [main] - Loading XML bean definitions from class path resource [org/springframework/jdbc/support/sql-error-codes.xml]
INFO 2018-05-14 21:02:05,371 [main] - SQLErrorCodes loaded: [DB2, Derby, H2, HSQL, Informix, MS-SQL, MySQL, Oracle, PostgreSQL, Sybase, Hana]
INFO 2018-05-14 21:02:05,386 [Thread-1] - Closing org.springframework.context.support.GenericApplicationContext@f6c48ac: startup date [Mon May 14 21:02:03 CST 2018]; root of context hierarchy
INFO 2018-05-14 21:06:02,994 [main] - Loaded default TestExecutionListener class names from location [META-INF/spring.factories]: [org.springframework.test.context.web.ServletTestExecutionListener, org.springframework.test.context.support.DirtiesContextBeforeModesTestExecutionListener, org.springframework.test.context.support.DependencyInjectionTestExecutionListener, org.springframework.test.context.support.DirtiesContextTestExecutionListener, org.springframework.test.context.transaction.TransactionalTestExecutionListener, org.springframework.test.context.jdbc.SqlScriptsTestExecutionListener]
INFO 2018-05-14 21:06:03,026 [main] - Using TestExecutionListeners: [org.springframework.test.context.web.ServletTestExecutionListener@215be6bb, org.springframework.test.context.support.DirtiesContextBeforeModesTestExecutionListener@4439f31e, org.springframework.test.context.support.DependencyInjectionTestExecutionListener@5dfcfece, org.springframework.test.context.support.DirtiesContextTestExecutionListener@23ceabc1, org.springframework.test.context.transaction.TransactionalTestExecutionListener@5d5eef3d, org.springframework.test.context.jdbc.SqlScriptsTestExecutionListener@56f4468b]
INFO 2018-05-14 21:06:03,135 [main] - Loading XML bean definitions from class path resource [applicationContext.xml]
INFO 2018-05-14 21:06:03,582 [main] - Refreshing org.springframework.context.support.GenericApplicationContext@f6c48ac: startup date [Mon May 14 21:06:03 CST 2018]; root of context hierarchy
INFO 2018-05-14 21:06:05,258 [Thread-1] - Closing org.springframework.context.support.GenericApplicationContext@f6c48ac: startup date [Mon May 14 21:06:03 CST 2018]; root of context hierarchy
INFO 2018-05-14 21:06:32,866 [main] - Loaded default TestExecutionListener class names from location [META-INF/spring.factories]: [org.springframework.test.context.web.ServletTestExecutionListener, org.springframework.test.context.support.DirtiesContextBeforeModesTestExecutionListener, org.springframework.test.context.support.DependencyInjectionTestExecutionListener, org.springframework.test.context.support.DirtiesContextTestExecutionListener, org.springframework.test.context.transaction.TransactionalTestExecutionListener, org.springframework.test.context.jdbc.SqlScriptsTestExecutionListener]
INFO 2018-05-14 21:06:32,928 [main] - Using TestExecutionListeners: [org.springframework.test.context.web.ServletTestExecutionListener@215be6bb, org.springframework.test.context.support.DirtiesContextBeforeModesTestExecutionListener@4439f31e, org.springframework.test.context.support.DependencyInjectionTestExecutionListener@5dfcfece, org.springframework.test.context.support.DirtiesContextTestExecutionListener@23ceabc1, org.springframework.test.context.transaction.TransactionalTestExecutionListener@5d5eef3d, org.springframework.test.context.jdbc.SqlScriptsTestExecutionListener@56f4468b]
INFO 2018-05-14 21:06:33,066 [main] - Loading XML bean definitions from class path resource [applicationContext.xml]
INFO 2018-05-14 21:06:33,388 [main] - Refreshing org.springframework.context.support.GenericApplicationContext@f6c48ac: startup date [Mon May 14 21:06:33 CST 2018]; root of context hierarchy
INFO 2018-05-14 21:06:35,026 [Thread-1] - Closing org.springframework.context.support.GenericApplicationContext@f6c48ac: startup date [Mon May 14 21:06:33 CST 2018]; root of context hierarchy
INFO 2018-05-14 21:07:20,065 [main] - Loaded default TestExecutionListener class names from location [META-INF/spring.factories]: [org.springframework.test.context.web.ServletTestExecutionListener, org.springframework.test.context.support.DirtiesContextBeforeModesTestExecutionListener, org.springframework.test.context.support.DependencyInjectionTestExecutionListener, org.springframework.test.context.support.DirtiesContextTestExecutionListener, org.springframework.test.context.transaction.TransactionalTestExecutionListener, org.springframework.test.context.jdbc.SqlScriptsTestExecutionListener]
INFO 2018-05-14 21:07:20,100 [main] - Using TestExecutionListeners: [org.springframework.test.context.web.ServletTestExecutionListener@215be6bb, org.springframework.test.context.support.DirtiesContextBeforeModesTestExecutionListener@4439f31e, org.springframework.test.context.support.DependencyInjectionTestExecutionListener@5dfcfece, org.springframework.test.context.support.DirtiesContextTestExecutionListener@23ceabc1, org.springframework.test.context.transaction.TransactionalTestExecutionListener@5d5eef3d, org.springframework.test.context.jdbc.SqlScriptsTestExecutionListener@56f4468b]
INFO 2018-05-14 21:07:20,213 [main] - Loading XML bean definitions from class path resource [applicationContext.xml]
INFO 2018-05-14 21:07:20,572 [main] - Refreshing org.springframework.context.support.GenericApplicationContext@f6c48ac: startup date [Mon May 14 21:07:20 CST 2018]; root of context hierarchy
INFO 2018-05-14 21:07:22,551 [Thread-1] - Closing org.springframework.context.support.GenericApplicationContext@f6c48ac: startup date [Mon May 14 21:07:20 CST 2018]; root of context hierarchy
INFO 2018-05-14 21:07:43,520 [main] - Loaded default TestExecutionListener class names from location [META-INF/spring.factories]: [org.springframework.test.context.web.ServletTestExecutionListener, org.springframework.test.context.support.DirtiesContextBeforeModesTestExecutionListener, org.springframework.test.context.support.DependencyInjectionTestExecutionListener, org.springframework.test.context.support.DirtiesContextTestExecutionListener, org.springframework.test.context.transaction.TransactionalTestExecutionListener, org.springframework.test.context.jdbc.SqlScriptsTestExecutionListener]
INFO 2018-05-14 21:07:43,555 [main] - Using TestExecutionListeners: [org.springframework.test.context.web.ServletTestExecutionListener@215be6bb, org.springframework.test.context.support.DirtiesContextBeforeModesTestExecutionListener@4439f31e, org.springframework.test.context.support.DependencyInjectionTestExecutionListener@5dfcfece, org.springframework.test.context.support.DirtiesContextTestExecutionListener@23ceabc1, org.springframework.test.context.transaction.TransactionalTestExecutionListener@5d5eef3d, org.springframework.test.context.jdbc.SqlScriptsTestExecutionListener@56f4468b]
INFO 2018-05-14 21:07:43,669 [main] - Loading XML bean definitions from class path resource [applicationContext.xml]
INFO 2018-05-14 21:07:43,970 [main] - Refreshing org.springframework.context.support.GenericApplicationContext@f6c48ac: startup date [Mon May 14 21:07:43 CST 2018]; root of context hierarchy
INFO 2018-05-14 21:07:45,522 [Thread-1] - Closing org.springframework.context.support.GenericApplicationContext@f6c48ac: startup date [Mon May 14 21:07:43 CST 2018]; root of context hierarchy
INFO 2018-05-14 21:09:01,716 [main] - Loaded default TestExecutionListener class names from location [META-INF/spring.factories]: [org.springframework.test.context.web.ServletTestExecutionListener, org.springframework.test.context.support.DirtiesContextBeforeModesTestExecutionListener, org.springframework.test.context.support.DependencyInjectionTestExecutionListener, org.springframework.test.context.support.DirtiesContextTestExecutionListener, org.springframework.test.context.transaction.TransactionalTestExecutionListener, org.springframework.test.context.jdbc.SqlScriptsTestExecutionListener]
INFO 2018-05-14 21:09:01,743 [main] - Using TestExecutionListeners: [org.springframework.test.context.web.ServletTestExecutionListener@215be6bb, org.springframework.test.context.support.DirtiesContextBeforeModesTestExecutionListener@4439f31e, org.springframework.test.context.support.DependencyInjectionTestExecutionListener@5dfcfece, org.springframework.test.context.support.DirtiesContextTestExecutionListener@23ceabc1, org.springframework.test.context.transaction.TransactionalTestExecutionListener@5d5eef3d, org.springframework.test.context.jdbc.SqlScriptsTestExecutionListener@56f4468b]
INFO 2018-05-14 21:09:01,833 [main] - Loading XML bean definitions from class path resource [applicationContext.xml]
INFO 2018-05-14 21:09:02,090 [main] - Refreshing org.springframework.context.support.GenericApplicationContext@f6c48ac: startup date [Mon May 14 21:09:02 CST 2018]; root of context hierarchy
INFO 2018-05-14 21:09:03,803 [Thread-1] - Closing org.springframework.context.support.GenericApplicationContext@f6c48ac: startup date [Mon May 14 21:09:02 CST 2018]; root of context hierarchy
INFO 2018-05-14 21:10:36,821 [main] - Loaded default TestExecutionListener class names from location [META-INF/spring.factories]: [org.springframework.test.context.web.ServletTestExecutionListener, org.springframework.test.context.support.DirtiesContextBeforeModesTestExecutionListener, org.springframework.test.context.support.DependencyInjectionTestExecutionListener, org.springframework.test.context.support.DirtiesContextTestExecutionListener, org.springframework.test.context.transaction.TransactionalTestExecutionListener, org.springframework.test.context.jdbc.SqlScriptsTestExecutionListener]
INFO 2018-05-14 21:10:36,876 [main] - Using TestExecutionListeners: [org.springframework.test.context.web.ServletTestExecutionListener@215be6bb, org.springframework.test.context.support.DirtiesContextBeforeModesTestExecutionListener@4439f31e, org.springframework.test.context.support.DependencyInjectionTestExecutionListener@5dfcfece, org.springframework.test.context.support.DirtiesContextTestExecutionListener@23ceabc1, org.springframework.test.context.transaction.TransactionalTestExecutionListener@5d5eef3d, org.springframework.test.context.jdbc.SqlScriptsTestExecutionListener@56f4468b]
INFO 2018-05-14 21:10:37,000 [main] - Loading XML bean definitions from class path resource [applicationContext.xml]
INFO 2018-05-14 21:10:37,303 [main] - Refreshing org.springframework.context.support.GenericApplicationContext@f6c48ac: startup date [Mon May 14 21:10:37 CST 2018]; root of context hierarchy
INFO 2018-05-14 21:10:38,934 [Thread-1] - Closing org.springframework.context.support.GenericApplicationContext@f6c48ac: startup date [Mon May 14 21:10:37 CST 2018]; root of context hierarchy
INFO 2018-05-14 21:12:43,466 [main] - Loaded default TestExecutionListener class names from location [META-INF/spring.factories]: [org.springframework.test.context.web.ServletTestExecutionListener, org.springframework.test.context.support.DirtiesContextBeforeModesTestExecutionListener, org.springframework.test.context.support.DependencyInjectionTestExecutionListener, org.springframework.test.context.support.DirtiesContextTestExecutionListener, org.springframework.test.context.transaction.TransactionalTestExecutionListener, org.springframework.test.context.jdbc.SqlScriptsTestExecutionListener]
INFO 2018-05-14 21:12:43,496 [main] - Using TestExecutionListeners: [org.springframework.test.context.web.ServletTestExecutionListener@215be6bb, org.springframework.test.context.support.DirtiesContextBeforeModesTestExecutionListener@4439f31e, org.springframework.test.context.support.DependencyInjectionTestExecutionListener@5dfcfece, org.springframework.test.context.support.DirtiesContextTestExecutionListener@23ceabc1, org.springframework.test.context.transaction.TransactionalTestExecutionListener@5d5eef3d, org.springframework.test.context.jdbc.SqlScriptsTestExecutionListener@56f4468b]
INFO 2018-05-14 21:12:43,596 [main] - Loading XML bean definitions from class path resource [applicationContext.xml]
INFO 2018-05-14 21:12:43,909 [main] - Refreshing org.springframework.context.support.GenericApplicationContext@f6c48ac: startup date [Mon May 14 21:12:43 CST 2018]; root of context hierarchy
INFO 2018-05-14 21:12:45,776 [Thread-1] - Closing org.springframework.context.support.GenericApplicationContext@f6c48ac: startup date [Mon May 14 21:12:43 CST 2018]; root of context hierarchy
INFO 2018-05-14 21:14:31,894 [main] - Loaded default TestExecutionListener class names from location [META-INF/spring.factories]: [org.springframework.test.context.web.ServletTestExecutionListener, org.springframework.test.context.support.DirtiesContextBeforeModesTestExecutionListener, org.springframework.test.context.support.DependencyInjectionTestExecutionListener, org.springframework.test.context.support.DirtiesContextTestExecutionListener, org.springframework.test.context.transaction.TransactionalTestExecutionListener, org.springframework.test.context.jdbc.SqlScriptsTestExecutionListener]
INFO 2018-05-14 21:14:31,925 [main] - Using TestExecutionListeners: [org.springframework.test.context.web.ServletTestExecutionListener@215be6bb, org.springframework.test.context.support.DirtiesContextBeforeModesTestExecutionListener@4439f31e, org.springframework.test.context.support.DependencyInjectionTestExecutionListener@5dfcfece, org.springframework.test.context.support.DirtiesContextTestExecutionListener@23ceabc1, org.springframework.test.context.transaction.TransactionalTestExecutionListener@5d5eef3d, org.springframework.test.context.jdbc.SqlScriptsTestExecutionListener@56f4468b]
INFO 2018-05-14 21:14:32,024 [main] - Loading XML bean definitions from class path resource [applicationContext.xml]
INFO 2018-05-14 21:14:32,371 [main] - Refreshing org.springframework.context.support.GenericApplicationContext@f6c48ac: startup date [Mon May 14 21:14:32 CST 2018]; root of context hierarchy
INFO 2018-05-14 21:14:33,959 [Thread-1] - Closing org.springframework.context.support.GenericApplicationContext@f6c48ac: startup date [Mon May 14 21:14:32 CST 2018]; root of context hierarchy
INFO 2018-05-14 21:20:21,943 [main] - Loaded default TestExecutionListener class names from location [META-INF/spring.factories]: [org.springframework.test.context.web.ServletTestExecutionListener, org.springframework.test.context.support.DirtiesContextBeforeModesTestExecutionListener, org.springframework.test.context.support.DependencyInjectionTestExecutionListener, org.springframework.test.context.support.DirtiesContextTestExecutionListener, org.springframework.test.context.transaction.TransactionalTestExecutionListener, org.springframework.test.context.jdbc.SqlScriptsTestExecutionListener]
INFO 2018-05-14 21:20:21,973 [main] - Using TestExecutionListeners: [org.springframework.test.context.web.ServletTestExecutionListener@4439f31e, org.springframework.test.context.support.DirtiesContextBeforeModesTestExecutionListener@5dfcfece, org.springframework.test.context.support.DependencyInjectionTestExecutionListener@23ceabc1, org.springframework.test.context.support.DirtiesContextTestExecutionListener@5d5eef3d, org.springframework.test.context.transaction.TransactionalTestExecutionListener@56f4468b, org.springframework.test.context.jdbc.SqlScriptsTestExecutionListener@6cc4c815]
INFO 2018-05-14 21:20:22,073 [main] - Loading XML bean definitions from class path resource [applicationContext.xml]
INFO 2018-05-14 21:20:22,375 [main] - Refreshing org.springframework.context.support.GenericApplicationContext@13deb50e: startup date [Mon May 14 21:20:22 CST 2018]; root of context hierarchy
INFO 2018-05-14 21:20:24,291 [Thread-1] - Closing org.springframework.context.support.GenericApplicationContext@13deb50e: startup date [Mon May 14 21:20:22 CST 2018]; root of context hierarchy
INFO 2018-05-14 21:40:13,952 [main] - Loaded default TestExecutionListener class names from location [META-INF/spring.factories]: [org.springframework.test.context.web.ServletTestExecutionListener, org.springframework.test.context.support.DirtiesContextBeforeModesTestExecutionListener, org.springframework.test.context.support.DependencyInjectionTestExecutionListener, org.springframework.test.context.support.DirtiesContextTestExecutionListener, org.springframework.test.context.transaction.TransactionalTestExecutionListener, org.springframework.test.context.jdbc.SqlScriptsTestExecutionListener]
INFO 2018-05-14 21:40:13,980 [main] - Using TestExecutionListeners: [org.springframework.test.context.web.ServletTestExecutionListener@4439f31e, org.springframework.test.context.support.DirtiesContextBeforeModesTestExecutionListener@5dfcfece, org.springframework.test.context.support.DependencyInjectionTestExecutionListener@23ceabc1, org.springframework.test.context.support.DirtiesContextTestExecutionListener@5d5eef3d, org.springframework.test.context.transaction.TransactionalTestExecutionListener@56f4468b, org.springframework.test.context.jdbc.SqlScriptsTestExecutionListener@6cc4c815]
INFO 2018-05-14 21:40:14,096 [main] - Loading XML bean definitions from class path resource [applicationContext.xml]
INFO 2018-05-14 21:40:14,417 [main] - Refreshing org.springframework.context.support.GenericApplicationContext@13deb50e: startup date [Mon May 14 21:40:14 CST 2018]; root of context hierarchy
INFO 2018-05-14 21:40:16,108 [Thread-1] - Closing org.springframework.context.support.GenericApplicationContext@13deb50e: startup date [Mon May 14 21:40:14 CST 2018]; root of context hierarchy
INFO 2018-05-14 21:42:37,058 [main] - Loaded default TestExecutionListener class names from location [META-INF/spring.factories]: [org.springframework.test.context.web.ServletTestExecutionListener, org.springframework.test.context.support.DirtiesContextBeforeModesTestExecutionListener, org.springframework.test.context.support.DependencyInjectionTestExecutionListener, org.springframework.test.context.support.DirtiesContextTestExecutionListener, org.springframework.test.context.transaction.TransactionalTestExecutionListener, org.springframework.test.context.jdbc.SqlScriptsTestExecutionListener]
INFO 2018-05-14 21:42:37,092 [main] - Using TestExecutionListeners: [org.springframework.test.context.web.ServletTestExecutionListener@4439f31e, org.springframework.test.context.support.DirtiesContextBeforeModesTestExecutionListener@5dfcfece, org.springframework.test.context.support.DependencyInjectionTestExecutionListener@23ceabc1, org.springframework.test.context.support.DirtiesContextTestExecutionListener@5d5eef3d, org.springframework.test.context.transaction.TransactionalTestExecutionListener@56f4468b, org.springframework.test.context.jdbc.SqlScriptsTestExecutionListener@6cc4c815]
INFO 2018-05-14 21:42:37,195 [main] - Loading XML bean definitions from class path resource [applicationContext.xml]
INFO 2018-05-14 21:42:37,495 [main] - Refreshing org.springframework.context.support.GenericApplicationContext@13deb50e: startup date [Mon May 14 21:42:37 CST 2018]; root of context hierarchy
INFO 2018-05-14 21:42:38,671 [Thread-1] - Closing org.springframework.context.support.GenericApplicationContext@13deb50e: startup date [Mon May 14 21:42:37 CST 2018]; root of context hierarchy
INFO 2018-05-14 21:43:40,645 [main] - Loaded default TestExecutionListener class names from location [META-INF/spring.factories]: [org.springframework.test.context.web.ServletTestExecutionListener, org.springframework.test.context.support.DirtiesContextBeforeModesTestExecutionListener, org.springframework.test.context.support.DependencyInjectionTestExecutionListener, org.springframework.test.context.support.DirtiesContextTestExecutionListener, org.springframework.test.context.transaction.TransactionalTestExecutionListener, org.springframework.test.context.jdbc.SqlScriptsTestExecutionListener]
INFO 2018-05-14 21:43:40,688 [main] - Using TestExecutionListeners: [org.springframework.test.context.web.ServletTestExecutionListener@4439f31e, org.springframework.test.context.support.DirtiesContextBeforeModesTestExecutionListener@5dfcfece, org.springframework.test.context.support.DependencyInjectionTestExecutionListener@23ceabc1, org.springframework.test.context.support.DirtiesContextTestExecutionListener@5d5eef3d, org.springframework.test.context.transaction.TransactionalTestExecutionListener@56f4468b, org.springframework.test.context.jdbc.SqlScriptsTestExecutionListener@6cc4c815]
INFO 2018-05-14 21:43:40,800 [main] - Loading XML bean definitions from class path resource [applicationContext.xml]
INFO 2018-05-14 21:43:41,147 [main] - Refreshing org.springframework.context.support.GenericApplicationContext@13deb50e: startup date [Mon May 14 21:43:41 CST 2018]; root of context hierarchy
INFO 2018-05-14 21:43:42,674 [Thread-1] - Closing org.springframework.context.support.GenericApplicationContext@13deb50e: startup date [Mon May 14 21:43:41 CST 2018]; root of context hierarchy
